Start testing: Jun 24 19:33 EDT
----------------------------------------------------------
1/2 Testing: Example2Test
1/2 Test: Example2Test
Command: "/home/liu.11080/cmake-googletest-sample/build/test/Example2Test" "--gtest_color=yes" "--gtest_output=xml:/home/liu.11080/cmake-googletest-sample/build/test/Example.xml"
Directory: /home/liu.11080/cmake-googletest-sample/build/test
"Example2Test" start time: Jun 24 19:33 EDT
Output:
----------------------------------------------------------
Running main() from /home/liu.11080/cmake-googletest-sample/googletest/googletest/src/gtest_main.cc
[0;32m[==========] [mRunning 3 tests from 1 test suite.
[0;32m[----------] [mGlobal test environment set-up.
[0;32m[----------] [m3 tests from ExampleTests2
[0;32m[ RUN      ] [mExampleTests2.DemonstrateGTestsMacros
[0;32m[       OK ] [mExampleTests2.DemonstrateGTestsMacros (0 ms)
[0;32m[ RUN      ] [mExampleTests2.DemonstrateGTestsMacros2
[0;32m[       OK ] [mExampleTests2.DemonstrateGTestsMacros2 (0 ms)
[0;32m[ RUN      ] [mExampleTests2.DemonstrateGTestsMacros3
[0;32m[       OK ] [mExampleTests2.DemonstrateGTestsMacros3 (0 ms)
[0;32m[----------] [m3 tests from ExampleTests2 (0 ms total)

[0;32m[----------] [mGlobal test environment tear-down
[0;32m[==========] [m3 tests from 1 test suite ran. (0 ms total)
[0;32m[  PASSED  ] [m3 tests.
<end of output>
Test time =   0.01 sec
----------------------------------------------------------
Test Passed.
"Example2Test" end time: Jun 24 19:33 EDT
"Example2Test" time elapsed: 00:00:00
----------------------------------------------------------

2/2 Testing: ExampleTest
2/2 Test: ExampleTest
Command: "/home/liu.11080/cmake-googletest-sample/build/test/ExampleTest" "--gtest_color=yes" "--gtest_output=xml:/home/liu.11080/cmake-googletest-sample/build/test/Example.xml"
Directory: /home/liu.11080/cmake-googletest-sample/build/test
"ExampleTest" start time: Jun 24 19:33 EDT
Output:
----------------------------------------------------------
Running main() from /home/liu.11080/cmake-googletest-sample/googletest/googletest/src/gtest_main.cc
[0;32m[==========] [mRunning 4 tests from 1 test suite.
[0;32m[----------] [mGlobal test environment set-up.
[0;32m[----------] [m4 tests from ExampleTests
[0;32m[ RUN      ] [mExampleTests.DemonstrateGTestsMacros
[0;32m[       OK ] [mExampleTests.DemonstrateGTestsMacros (0 ms)
[0;32m[ RUN      ] [mExampleTests.DemonstrateGTestsMacros2
Hello World~~
[0;32m[       OK ] [mExampleTests.DemonstrateGTestsMacros2 (0 ms)
[0;32m[ RUN      ] [mExampleTests.DemonstrateGTestsMacros3
[0;32m[       OK ] [mExampleTests.DemonstrateGTestsMacros3 (0 ms)
[0;32m[ RUN      ] [mExampleTests.DemonstrateGTestsMacros4
[0;32m[       OK ] [mExampleTests.DemonstrateGTestsMacros4 (0 ms)
[0;32m[----------] [m4 tests from ExampleTests (0 ms total)

[0;32m[----------] [mGlobal test environment tear-down
[0;32m[==========] [m4 tests from 1 test suite ran. (0 ms total)
[0;32m[  PASSED  ] [m4 tests.
<end of output>
Test time =   0.01 sec
----------------------------------------------------------
Test Passed.
"ExampleTest" end time: Jun 24 19:33 EDT
"ExampleTest" time elapsed: 00:00:00
----------------------------------------------------------

End testing: Jun 24 19:33 EDT
